{"C:\\wamp64\\www\\Shortener\\environment.js": {"path":"C:\\wamp64\\www\\Shortener\\environment.js","statementMap":{"0":{"start":{"line":2,"column":27},"end":{"line":11,"column":1}}},"fnMap":{},"branchMap":{},"s":{"0":5},"f":{},"b":{},"_coverageSchema":"332fd63041d2c1bcb487cc26dd0d5f7d97098a6c","hash":"da01163442f1a8f283df80c897dff3933cf2af6e"}
,"C:\\wamp64\\www\\Shortener\\errors.js": {"path":"C:\\wamp64\\www\\Shortener\\errors.js","statementMap":{"0":{"start":{"line":1,"column":22},"end":{"line":6,"column":1}}},"fnMap":{},"branchMap":{},"s":{"0":5},"f":{},"b":{},"_coverageSchema":"332fd63041d2c1bcb487cc26dd0d5f7d97098a6c","hash":"06d1e58cab50593cd56e32fde123fb19b286ccca"}
,"C:\\wamp64\\www\\Shortener\\app\\services\\business-logic\\link\\access\\access.js": {"path":"C:\\wamp64\\www\\Shortener\\app\\services\\business-logic\\link\\access\\access.js","statementMap":{"0":{"start":{"line":8,"column":22},"end":{"line":21,"column":1}},"1":{"start":{"line":9,"column":2},"end":{"line":9,"column":20}},"2":{"start":{"line":9,"column":13},"end":{"line":9,"column":20}},"3":{"start":{"line":12,"column":18},"end":{"line":12,"column":44}},"4":{"start":{"line":15,"column":14},"end":{"line":15,"column":37}},"5":{"start":{"line":18,"column":2},"end":{"line":18,"column":27}},"6":{"start":{"line":20,"column":2},"end":{"line":20,"column":13}}},"fnMap":{"0":{"name":"(anonymous_0)","decl":{"start":{"line":8,"column":22},"end":{"line":8,"column":23}},"loc":{"start":{"line":8,"column":36},"end":{"line":21,"column":1}},"line":8}},"branchMap":{"0":{"loc":{"start":{"line":9,"column":2},"end":{"line":9,"column":20}},"type":"if","locations":[{"start":{"line":9,"column":2},"end":{"line":9,"column":20}},{"start":{"line":9,"column":2},"end":{"line":9,"column":20}}],"line":9}},"s":{"0":2,"1":4,"2":4,"3":0,"4":0,"5":0,"6":0},"f":{"0":4},"b":{"0":[4,0]},"_coverageSchema":"332fd63041d2c1bcb487cc26dd0d5f7d97098a6c","hash":"03d87d6509f9f1142f002fdb88a21af6ef251812"}
,"C:\\wamp64\\www\\Shortener\\app\\services\\business-logic\\link\\create\\create.js": {"path":"C:\\wamp64\\www\\Shortener\\app\\services\\business-logic\\link\\create\\create.js","statementMap":{"0":{"start":{"line":14,"column":24},"end":{"line":41,"column":1}},"1":{"start":{"line":16,"column":18},"end":{"line":16,"column":44}},"2":{"start":{"line":18,"column":2},"end":{"line":40,"column":3}},"3":{"start":{"line":20,"column":15},"end":{"line":22,"column":20}},"4":{"start":{"line":25,"column":17},"end":{"line":25,"column":48}},"5":{"start":{"line":27,"column":4},"end":{"line":35,"column":5}},"6":{"start":{"line":28,"column":6},"end":{"line":32,"column":7}},"7":{"start":{"line":29,"column":8},"end":{"line":29,"column":37}},"8":{"start":{"line":31,"column":8},"end":{"line":31,"column":35}},"9":{"start":{"line":34,"column":6},"end":{"line":34,"column":23}},"10":{"start":{"line":37,"column":4},"end":{"line":37,"column":16}},"11":{"start":{"line":39,"column":4},"end":{"line":39,"column":30}},"12":{"start":{"line":48,"column":23},"end":{"line":57,"column":1}},"13":{"start":{"line":51,"column":11},"end":{"line":51,"column":26}},"14":{"start":{"line":52,"column":26},"end":{"line":52,"column":49}},"15":{"start":{"line":53,"column":13},"end":{"line":53,"column":53}},"16":{"start":{"line":56,"column":2},"end":{"line":56,"column":57}}},"fnMap":{"0":{"name":"(anonymous_0)","decl":{"start":{"line":14,"column":24},"end":{"line":14,"column":25}},"loc":{"start":{"line":14,"column":37},"end":{"line":41,"column":1}},"line":14},"1":{"name":"(anonymous_1)","decl":{"start":{"line":48,"column":23},"end":{"line":48,"column":24}},"loc":{"start":{"line":48,"column":31},"end":{"line":57,"column":1}},"line":48}},"branchMap":{"0":{"loc":{"start":{"line":18,"column":2},"end":{"line":40,"column":3}},"type":"if","locations":[{"start":{"line":18,"column":2},"end":{"line":40,"column":3}},{"start":{"line":18,"column":2},"end":{"line":40,"column":3}}],"line":18},"1":{"loc":{"start":{"line":27,"column":4},"end":{"line":35,"column":5}},"type":"if","locations":[{"start":{"line":27,"column":4},"end":{"line":35,"column":5}},{"start":{"line":27,"column":4},"end":{"line":35,"column":5}}],"line":27}},"s":{"0":3,"1":0,"2":0,"3":0,"4":0,"5":0,"6":0,"7":0,"8":0,"9":0,"10":0,"11":0,"12":3,"13":2,"14":2,"15":2,"16":2},"f":{"0":0,"1":2},"b":{"0":[0,0],"1":[0,0]},"_coverageSchema":"332fd63041d2c1bcb487cc26dd0d5f7d97098a6c","hash":"967883ca309b0ef66441db10e5910d755b660206"}
,"C:\\wamp64\\www\\Shortener\\app\\services\\business-logic\\link\\delete\\delete.js": {"path":"C:\\wamp64\\www\\Shortener\\app\\services\\business-logic\\link\\delete\\delete.js","statementMap":{"0":{"start":{"line":3,"column":22},"end":{"line":18,"column":1}},"1":{"start":{"line":5,"column":18},"end":{"line":5,"column":44}},"2":{"start":{"line":7,"column":2},"end":{"line":15,"column":3}},"3":{"start":{"line":8,"column":4},"end":{"line":14,"column":5}},"4":{"start":{"line":9,"column":6},"end":{"line":9,"column":33}},"5":{"start":{"line":11,"column":6},"end":{"line":11,"column":18}},"6":{"start":{"line":13,"column":6},"end":{"line":13,"column":19}},"7":{"start":{"line":17,"column":2},"end":{"line":17,"column":15}}},"fnMap":{"0":{"name":"(anonymous_0)","decl":{"start":{"line":3,"column":22},"end":{"line":3,"column":23}},"loc":{"start":{"line":3,"column":36},"end":{"line":18,"column":1}},"line":3}},"branchMap":{"0":{"loc":{"start":{"line":7,"column":2},"end":{"line":15,"column":3}},"type":"if","locations":[{"start":{"line":7,"column":2},"end":{"line":15,"column":3}},{"start":{"line":7,"column":2},"end":{"line":15,"column":3}}],"line":7}},"s":{"0":1,"1":0,"2":0,"3":0,"4":0,"5":0,"6":0,"7":0},"f":{"0":0},"b":{"0":[0,0]},"_coverageSchema":"332fd63041d2c1bcb487cc26dd0d5f7d97098a6c","hash":"5971d06b75e17c3ef8ee19b01e77dc3e9aa0ebdb"}
,"C:\\wamp64\\www\\Shortener\\app\\services\\business-logic\\link\\list\\list.js": {"path":"C:\\wamp64\\www\\Shortener\\app\\services\\business-logic\\link\\list\\list.js","statementMap":{"0":{"start":{"line":4,"column":23},"end":{"line":17,"column":1}},"1":{"start":{"line":6,"column":18},"end":{"line":6,"column":44}},"2":{"start":{"line":7,"column":13},"end":{"line":7,"column":35}},"3":{"start":{"line":10,"column":2},"end":{"line":10,"column":64}},"4":{"start":{"line":10,"column":12},"end":{"line":10,"column":64}},"5":{"start":{"line":10,"column":36},"end":{"line":10,"column":62}},"6":{"start":{"line":12,"column":2},"end":{"line":16,"column":6}},"7":{"start":{"line":12,"column":24},"end":{"line":16,"column":3}}},"fnMap":{"0":{"name":"(anonymous_0)","decl":{"start":{"line":4,"column":23},"end":{"line":4,"column":24}},"loc":{"start":{"line":4,"column":37},"end":{"line":17,"column":1}},"line":4},"1":{"name":"(anonymous_1)","decl":{"start":{"line":10,"column":31},"end":{"line":10,"column":32}},"loc":{"start":{"line":10,"column":36},"end":{"line":10,"column":62}},"line":10},"2":{"name":"(anonymous_2)","decl":{"start":{"line":12,"column":18},"end":{"line":12,"column":19}},"loc":{"start":{"line":12,"column":24},"end":{"line":16,"column":3}},"line":12}},"branchMap":{"0":{"loc":{"start":{"line":10,"column":2},"end":{"line":10,"column":64}},"type":"if","locations":[{"start":{"line":10,"column":2},"end":{"line":10,"column":64}},{"start":{"line":10,"column":2},"end":{"line":10,"column":64}}],"line":10}},"s":{"0":1,"1":0,"2":0,"3":0,"4":0,"5":0,"6":0,"7":0},"f":{"0":0,"1":0,"2":0},"b":{"0":[0,0]},"_coverageSchema":"332fd63041d2c1bcb487cc26dd0d5f7d97098a6c","hash":"7362db6848d44eaec23ea5c53b5b6bfbad3f4096"}
,"C:\\wamp64\\www\\Shortener\\app\\services\\database\\access-address.js": {"path":"C:\\wamp64\\www\\Shortener\\app\\services\\database\\access-address.js","statementMap":{"0":{"start":{"line":3,"column":51},"end":{"line":3,"column":71}},"1":{"start":{"line":5,"column":22},"end":{"line":5,"column":84}}},"fnMap":{},"branchMap":{},"s":{"0":5,"1":5},"f":{},"b":{},"_coverageSchema":"332fd63041d2c1bcb487cc26dd0d5f7d97098a6c","hash":"dd2491cbe88642956945397f12d171eb6c295c9a"}
,"C:\\wamp64\\www\\Shortener\\app\\services\\database\\database.js": {"path":"C:\\wamp64\\www\\Shortener\\app\\services\\database\\database.js","statementMap":{"0":{"start":{"line":13,"column":4},"end":{"line":16,"column":5}},"1":{"start":{"line":14,"column":6},"end":{"line":14,"column":28}},"2":{"start":{"line":15,"column":6},"end":{"line":15,"column":40}},"3":{"start":{"line":18,"column":4},"end":{"line":18,"column":26}},"4":{"start":{"line":23,"column":4},"end":{"line":27,"column":5}},"5":{"start":{"line":24,"column":6},"end":{"line":24,"column":35}},"6":{"start":{"line":26,"column":6},"end":{"line":26,"column":33}},"7":{"start":{"line":29,"column":4},"end":{"line":29,"column":16}},"8":{"start":{"line":34,"column":4},"end":{"line":34,"column":37}},"9":{"start":{"line":42,"column":4},"end":{"line":42,"column":51}}},"fnMap":{"0":{"name":"(anonymous_0)","decl":{"start":{"line":12,"column":2},"end":{"line":12,"column":3}},"loc":{"start":{"line":12,"column":16},"end":{"line":19,"column":3}},"line":12},"1":{"name":"(anonymous_1)","decl":{"start":{"line":22,"column":2},"end":{"line":22,"column":3}},"loc":{"start":{"line":22,"column":18},"end":{"line":30,"column":3}},"line":22},"2":{"name":"(anonymous_2)","decl":{"start":{"line":33,"column":2},"end":{"line":33,"column":3}},"loc":{"start":{"line":33,"column":15},"end":{"line":35,"column":3}},"line":33},"3":{"name":"(anonymous_3)","decl":{"start":{"line":41,"column":2},"end":{"line":41,"column":3}},"loc":{"start":{"line":41,"column":30},"end":{"line":43,"column":3}},"line":41}},"branchMap":{"0":{"loc":{"start":{"line":13,"column":4},"end":{"line":16,"column":5}},"type":"if","locations":[{"start":{"line":13,"column":4},"end":{"line":16,"column":5}},{"start":{"line":13,"column":4},"end":{"line":16,"column":5}}],"line":13}},"s":{"0":0,"1":0,"2":0,"3":0,"4":0,"5":0,"6":0,"7":0,"8":0,"9":0},"f":{"0":0,"1":0,"2":0,"3":0},"b":{"0":[0,0]},"_coverageSchema":"332fd63041d2c1bcb487cc26dd0d5f7d97098a6c","hash":"294b4c772d5373426d980c7d45c0d0bf0147b7cd"}
,"C:\\wamp64\\www\\Shortener\\app\\services\\database\\link.database.js": {"path":"C:\\wamp64\\www\\Shortener\\app\\services\\database\\link.database.js","statementMap":{"0":{"start":{"line":9,"column":4},"end":{"line":9,"column":12}},"1":{"start":{"line":11,"column":4},"end":{"line":11,"column":25}},"2":{"start":{"line":20,"column":4},"end":{"line":20,"column":32}},"3":{"start":{"line":20,"column":25},"end":{"line":20,"column":32}},"4":{"start":{"line":21,"column":18},"end":{"line":21,"column":85}},"5":{"start":{"line":23,"column":4},"end":{"line":23,"column":49}},"6":{"start":{"line":31,"column":4},"end":{"line":31,"column":22}},"7":{"start":{"line":31,"column":15},"end":{"line":31,"column":22}},"8":{"start":{"line":33,"column":18},"end":{"line":33,"column":64}},"9":{"start":{"line":35,"column":4},"end":{"line":40,"column":5}},"10":{"start":{"line":36,"column":23},"end":{"line":36,"column":57}},"11":{"start":{"line":37,"column":6},"end":{"line":37,"column":25}},"12":{"start":{"line":39,"column":6},"end":{"line":39,"column":14}},"13":{"start":{"line":45,"column":18},"end":{"line":45,"column":69}},"14":{"start":{"line":46,"column":21},"end":{"line":46,"column":45}},"15":{"start":{"line":48,"column":4},"end":{"line":48,"column":16}},"16":{"start":{"line":56,"column":4},"end":{"line":56,"column":21}},"17":{"start":{"line":56,"column":14},"end":{"line":56,"column":21}},"18":{"start":{"line":57,"column":18},"end":{"line":57,"column":76}},"19":{"start":{"line":59,"column":4},"end":{"line":59,"column":39}},"20":{"start":{"line":70,"column":4},"end":{"line":70,"column":73}},"21":{"start":{"line":70,"column":66},"end":{"line":70,"column":73}},"22":{"start":{"line":72,"column":18},"end":{"line":72,"column":73}},"23":{"start":{"line":74,"column":21},"end":{"line":74,"column":56}},"24":{"start":{"line":76,"column":4},"end":{"line":76,"column":19}},"25":{"start":{"line":84,"column":4},"end":{"line":84,"column":22}},"26":{"start":{"line":84,"column":15},"end":{"line":84,"column":22}},"27":{"start":{"line":86,"column":18},"end":{"line":86,"column":61}},"28":{"start":{"line":87,"column":4},"end":{"line":87,"column":40}}},"fnMap":{"0":{"name":"(anonymous_0)","decl":{"start":{"line":8,"column":2},"end":{"line":8,"column":3}},"loc":{"start":{"line":8,"column":16},"end":{"line":12,"column":3}},"line":8},"1":{"name":"(anonymous_1)","decl":{"start":{"line":19,"column":2},"end":{"line":19,"column":3}},"loc":{"start":{"line":19,"column":24},"end":{"line":24,"column":3}},"line":19},"2":{"name":"(anonymous_2)","decl":{"start":{"line":30,"column":2},"end":{"line":30,"column":3}},"loc":{"start":{"line":30,"column":18},"end":{"line":41,"column":3}},"line":30},"3":{"name":"(anonymous_3)","decl":{"start":{"line":44,"column":2},"end":{"line":44,"column":3}},"loc":{"start":{"line":44,"column":17},"end":{"line":49,"column":3}},"line":44},"4":{"name":"(anonymous_4)","decl":{"start":{"line":55,"column":2},"end":{"line":55,"column":3}},"loc":{"start":{"line":55,"column":19},"end":{"line":60,"column":3}},"line":55},"5":{"name":"(anonymous_5)","decl":{"start":{"line":68,"column":2},"end":{"line":68,"column":3}},"loc":{"start":{"line":68,"column":32},"end":{"line":77,"column":3}},"line":68},"6":{"name":"(anonymous_6)","decl":{"start":{"line":83,"column":2},"end":{"line":83,"column":3}},"loc":{"start":{"line":83,"column":21},"end":{"line":88,"column":3}},"line":83}},"branchMap":{"0":{"loc":{"start":{"line":20,"column":4},"end":{"line":20,"column":32}},"type":"if","locations":[{"start":{"line":20,"column":4},"end":{"line":20,"column":32}},{"start":{"line":20,"column":4},"end":{"line":20,"column":32}}],"line":20},"1":{"loc":{"start":{"line":20,"column":10},"end":{"line":20,"column":22}},"type":"binary-expr","locations":[{"start":{"line":20,"column":10},"end":{"line":20,"column":14}},{"start":{"line":20,"column":18},"end":{"line":20,"column":22}}],"line":20},"2":{"loc":{"start":{"line":31,"column":4},"end":{"line":31,"column":22}},"type":"if","locations":[{"start":{"line":31,"column":4},"end":{"line":31,"column":22}},{"start":{"line":31,"column":4},"end":{"line":31,"column":22}}],"line":31},"3":{"loc":{"start":{"line":56,"column":4},"end":{"line":56,"column":21}},"type":"if","locations":[{"start":{"line":56,"column":4},"end":{"line":56,"column":21}},{"start":{"line":56,"column":4},"end":{"line":56,"column":21}}],"line":56},"4":{"loc":{"start":{"line":70,"column":4},"end":{"line":70,"column":73}},"type":"if","locations":[{"start":{"line":70,"column":4},"end":{"line":70,"column":73}},{"start":{"line":70,"column":4},"end":{"line":70,"column":73}}],"line":70},"5":{"loc":{"start":{"line":70,"column":8},"end":{"line":70,"column":64}},"type":"binary-expr","locations":[{"start":{"line":70,"column":8},"end":{"line":70,"column":14}},{"start":{"line":70,"column":18},"end":{"line":70,"column":64}}],"line":70},"6":{"loc":{"start":{"line":70,"column":20},"end":{"line":70,"column":63}},"type":"binary-expr","locations":[{"start":{"line":70,"column":20},"end":{"line":70,"column":39}},{"start":{"line":70,"column":43},"end":{"line":70,"column":63}}],"line":70},"7":{"loc":{"start":{"line":84,"column":4},"end":{"line":84,"column":22}},"type":"if","locations":[{"start":{"line":84,"column":4},"end":{"line":84,"column":22}},{"start":{"line":84,"column":4},"end":{"line":84,"column":22}}],"line":84}},"s":{"0":0,"1":0,"2":0,"3":0,"4":0,"5":0,"6":0,"7":0,"8":0,"9":0,"10":0,"11":0,"12":0,"13":0,"14":0,"15":0,"16":0,"17":0,"18":0,"19":0,"20":0,"21":0,"22":0,"23":0,"24":0,"25":0,"26":0,"27":0,"28":0},"f":{"0":0,"1":0,"2":0,"3":0,"4":0,"5":0,"6":0},"b":{"0":[0,0],"1":[0,0],"2":[0,0],"3":[0,0],"4":[0,0],"5":[0,0],"6":[0,0],"7":[0,0]},"_coverageSchema":"332fd63041d2c1bcb487cc26dd0d5f7d97098a6c","hash":"2abb8bb57569a8e246b51ef8dc760eb7d2480687"}
}
